import_batch_id=1775632037962
excel_file=ﻊﻟﺛﺣﺑﺻ١ﺎ-20260308-0408.XLSX
sheet_count=33
read_rows=18684
inserted_rows=0
skipped_rows=0
failed_rows=18684
failures:
- ﻊﻟﺛﺣﺑﺻ١ﺎ row 2: exception
- ﻊﻟﺛﺣﺑﺻ١ﺎ row 3: exception
- ﻊﻟﺛﺣﺑﺻ١ﺎ row 4: exception
- ﻊﻟﺛﺣﺑﺻ١ﺎ row 5: exception
- ﻊﻟﺛﺣﺑﺻ١ﺎ row 6: exception
- ﻊﻟﺛﺣﺑﺻ١ﺎ row 7: exception
- ﻊﻟﺛﺣﺑﺻ١ﺎ row 8: exception
- ﻊﻟﺛﺣﺑﺻ١ﺎ row 9: exception
- ﻊﻟﺛﺣﺑﺻ١ﺎ row 10: exception
- ﻊﻟﺛﺣﺑﺻ١ﺎ row 11: exception
- ﻊﻟﺛﺣﺑﺻ١ﺎ row 12: exception
- ﻊﻟﺛﺣﺑﺻ١ﺎ row 13: exception
- ﻊﻟﺛﺣﺑﺻ١ﺎ row 14: exception
- ﻊﻟﺛﺣﺑﺻ١ﺎ row 15: exception
- ﻊﻟﺛﺣﺑﺻ١ﺎ row 16: exception
- ﻊﻟﺛﺣﺑﺻ١ﺎ row 17: exception
- ﻊﻟﺛﺣﺑﺻ١ﺎ row 18: exception
- ﻊﻟﺛﺣﺑﺻ١ﺎ row 19: exception
- ﻊﻟﺛﺣﺑﺻ١ﺎ row 20: exception
- ﻊﻟﺛﺣﺑﺻ١ﺎ row 21: exception
- ﻊﻟﺛﺣﺑﺻ١ﺎ row 22: exception
- ﻊﻟﺛﺣﺑﺻ١ﺎ row 23: exception
- ﻊﻟﺛﺣﺑﺻ١ﺎ row 24: exception
- ﻊﻟﺛﺣﺑﺻ١ﺎ row 25: exception
- ﻊﻟﺛﺣﺑﺻ١ﺎ row 26: exception
- ﻊﻟﺛﺣﺑﺻ١ﺎ row 27: exception
- ﻊﻟﺛﺣﺑﺻ١ﺎ row 28: exception
- ﻊﻟﺛﺣﺑﺻ١ﺎ row 29: exception
- ﻊﻟﺛﺣﺑﺻ١ﺎ row 30: exception
- ﻊﻟﺛﺣﺑﺻ١ﺎ row 31: exception
- ﻊﻟﺛﺣﺑﺻ١ﺎ row 32: exception
- ﻊﻟﺛﺣﺑﺻ١ﺎ row 33: exception
- ﻊﻟﺛﺣﺑﺻ١ﺎ row 34: exception
- ﻊﻟﺛﺣﺑﺻ١ﺎ row 35: exception
- ﻊﻟﺛﺣﺑﺻ١ﺎ row 36: exception
- ﻊﻟﺛﺣﺑﺻ١ﺎ row 37: exception
- ﻊﻟﺛﺣﺑﺻ١ﺎ row 38: exception
- ﻊﻟﺛﺣﺑﺻ١ﺎ row 39: exception
- ﻊﻟﺛﺣﺑﺻ١ﺎ row 40: exception
- ﻊﻟﺛﺣﺑﺻ١ﺎ row 41: exception
- ﻊﻟﺛﺣﺑﺻ١ﺎ row 42: exception
- ﻊﻟﺛﺣﺑﺻ١ﺎ row 43: exception
- ﻊﻟﺛﺣﺑﺻ١ﺎ row 44: exception
- ﻊﻟﺛﺣﺑﺻ١ﺎ row 45: exception
- ﻊﻟﺛﺣﺑﺻ١ﺎ row 46: exception
- ﻊﻟﺛﺣﺑﺻ١ﺎ row 47: exception
- ﻊﻟﺛﺣﺑﺻ١ﺎ row 48: exception
- ﻊﻟﺛﺣﺑﺻ١ﺎ row 49: exception
- ﻊﻟﺛﺣﺑﺻ١ﺎ row 50: exception
- ﻊﻟﺛﺣﺑﺻ١ﺎ row 51: exception
- ﻊﻟﺛﺣﺑﺻ١ﺎ row 52: exception
- ﻊﻟﺛﺣﺑﺻ١ﺎ row 53: exception
- ﻊﻟﺛﺣﺑﺻ١ﺎ row 54: exception
- ﻊﻟﺛﺣﺑﺻ١ﺎ row 55: exception
- ﻊﻟﺛﺣﺑﺻ١ﺎ row 56: exception
- ﻊﻟﺛﺣﺑﺻ١ﺎ row 57: exception
- ﻊﻟﺛﺣﺑﺻ١ﺎ row 58: exception
- ﻊﻟﺛﺣﺑﺻ١ﺎ row 59: exception
- ﻊﻟﺛﺣﺑﺻ١ﺎ row 60: exception
- ﻊﻟﺛﺣﺑﺻ١ﺎ row 61: exception
- ﻊﻟﺛﺣﺑﺻ١ﺎ row 62: exception
- ﻊﻟﺛﺣﺑﺻ١ﺎ row 63: exception
- ﻊﻟﺛﺣﺑﺻ١ﺎ row 64: exception
- ﻊﻟﺛﺣﺑﺻ١ﺎ row 65: exception
- ﻊﻟﺛﺣﺑﺻ١ﺎ row 66: exception
- ﻊﻟﺛﺣﺑﺻ١ﺎ row 67: exception
- ﻊﻟﺛﺣﺑﺻ١ﺎ row 68: exception
- ﻊﻟﺛﺣﺑﺻ١ﺎ row 69: exception
- ﻊﻟﺛﺣﺑﺻ١ﺎ row 70: exception
- ﻊﻟﺛﺣﺑﺻ١ﺎ row 71: exception
- ﻊﻟﺛﺣﺑﺻ١ﺎ row 72: exception
- ﻊﻟﺛﺣﺑﺻ١ﺎ row 73: exception
- ﻊﻟﺛﺣﺑﺻ١ﺎ row 74: exception
- ﻊﻟﺛﺣﺑﺻ١ﺎ row 75: exception
- ﻊﻟﺛﺣﺑﺻ١ﺎ row 76: exception
- ﻊﻟﺛﺣﺑﺻ١ﺎ row 77: exception
- ﻊﻟﺛﺣﺑﺻ١ﺎ row 78: exception
- ﻊﻟﺛﺣﺑﺻ١ﺎ row 79: exception
- ﻊﻟﺛﺣﺑﺻ١ﺎ row 80: exception
- ﻊﻟﺛﺣﺑﺻ١ﺎ row 81: exception
- ﻊﻟﺛﺣﺑﺻ١ﺎ row 82: exception
- ﻊﻟﺛﺣﺑﺻ١ﺎ row 83: exception
- ﻊﻟﺛﺣﺑﺻ١ﺎ row 84: exception
- ﻊﻟﺛﺣﺑﺻ١ﺎ row 85: exception
- ﻊﻟﺛﺣﺑﺻ١ﺎ row 86: exception
- ﻊﻟﺛﺣﺑﺻ١ﺎ row 87: exception
- ﻊﻟﺛﺣﺑﺻ١ﺎ row 88: exception
- ﻊﻟﺛﺣﺑﺻ١ﺎ row 89: exception
- ﻊﻟﺛﺣﺑﺻ١ﺎ row 90: exception
- ﻊﻟﺛﺣﺑﺻ١ﺎ row 91: exception
- ﻊﻟﺛﺣﺑﺻ١ﺎ row 92: exception
- ﻊﻟﺛﺣﺑﺻ١ﺎ row 93: exception
- ﻊﻟﺛﺣﺑﺻ١ﺎ row 94: exception
- ﻊﻟﺛﺣﺑﺻ١ﺎ row 95: exception
- ﻊﻟﺛﺣﺑﺻ١ﺎ row 96: exception
- ﻊﻟﺛﺣﺑﺻ١ﺎ row 97: exception
- ﻊﻟﺛﺣﺑﺻ١ﺎ row 98: exception
- ﻊﻟﺛﺣﺑﺻ١ﺎ row 99: exception
- ﻊﻟﺛﺣﺑﺻ١ﺎ row 100: exception
- ﻊﻟﺛﺣﺑﺻ١ﺎ row 101: exception
- ﻊﻟﺛﺣﺑﺻ١ﺎ row 102: exception
- ﻊﻟﺛﺣﺑﺻ١ﺎ row 103: exception
- ﻊﻟﺛﺣﺑﺻ١ﺎ row 104: exception
- ﻊﻟﺛﺣﺑﺻ١ﺎ row 105: exception
- ﻊﻟﺛﺣﺑﺻ١ﺎ row 106: exception
- ﻊﻟﺛﺣﺑﺻ١ﺎ row 107: exception
- ﻊﻟﺛﺣﺑﺻ١ﺎ row 108: exception
- ﻊﻟﺛﺣﺑﺻ١ﺎ row 109: exception
- ﻊﻟﺛﺣﺑﺻ١ﺎ row 110: exception
- ﻊﻟﺛﺣﺑﺻ١ﺎ row 111: exception
- ﻊﻟﺛﺣﺑﺻ١ﺎ row 112: exception
- ﻊﻟﺛﺣﺑﺻ١ﺎ row 113: exception
- ﻊﻟﺛﺣﺑﺻ١ﺎ row 114: exception
- ﻊﻟﺛﺣﺑﺻ١ﺎ row 115: exception
- ﻊﻟﺛﺣﺑﺻ١ﺎ row 116: exception
- ﻊﻟﺛﺣﺑﺻ١ﺎ row 117: exception
- ﻊﻟﺛﺣﺑﺻ١ﺎ row 118: exception
- ﻊﻟﺛﺣﺑﺻ١ﺎ row 119: exception
- ﻊﻟﺛﺣﺑﺻ١ﺎ row 120: exception
- ﻊﻟﺛﺣﺑﺻ١ﺎ row 121: exception
- ﻊﻟﺛﺣﺑﺻ١ﺎ row 122: exception
- ﻊﻟﺛﺣﺑﺻ١ﺎ row 123: exception
- ﻊﻟﺛﺣﺑﺻ١ﺎ row 124: exception
- ﻊﻟﺛﺣﺑﺻ١ﺎ row 125: exception
- ﻊﻟﺛﺣﺑﺻ١ﺎ row 126: exception
- ﻊﻟﺛﺣﺑﺻ١ﺎ row 127: exception
- ﻊﻟﺛﺣﺑﺻ١ﺎ row 128: exception
- ﻊﻟﺛﺣﺑﺻ١ﺎ row 129: exception
- ﻊﻟﺛﺣﺑﺻ١ﺎ row 130: exception
- ﻊﻟﺛﺣﺑﺻ١ﺎ row 131: exception
- ﻊﻟﺛﺣﺑﺻ١ﺎ row 132: exception
- ﻊﻟﺛﺣﺑﺻ١ﺎ row 133: exception
- ﻊﻟﺛﺣﺑﺻ١ﺎ row 134: exception
- ﻊﻟﺛﺣﺑﺻ١ﺎ row 135: exception
- ﻊﻟﺛﺣﺑﺻ١ﺎ row 136: exception
- ﻊﻟﺛﺣﺑﺻ١ﺎ row 137: exception
- ﻊﻟﺛﺣﺑﺻ١ﺎ row 138: exception
- ﻊﻟﺛﺣﺑﺻ١ﺎ row 139: exception
- ﻊﻟﺛﺣﺑﺻ١ﺎ row 140: exception
- ﻊﻟﺛﺣﺑﺻ١ﺎ row 141: exception
- ﻊﻟﺛﺣﺑﺻ١ﺎ row 142: exception
- ﻊﻟﺛﺣﺑﺻ١ﺎ row 143: exception
- ﻊﻟﺛﺣﺑﺻ١ﺎ row 144: exception
- ﻊﻟﺛﺣﺑﺻ١ﺎ row 145: exception
- ﻊﻟﺛﺣﺑﺻ١ﺎ row 146: exception
- ﻊﻟﺛﺣﺑﺻ١ﺎ row 147: exception
- ﻊﻟﺛﺣﺑﺻ١ﺎ row 148: exception
- ﻊﻟﺛﺣﺑﺻ١ﺎ row 149: exception
- ﻊﻟﺛﺣﺑﺻ١ﺎ row 150: exception
- ﻊﻟﺛﺣﺑﺻ١ﺎ row 151: exception
- ﻊﻟﺛﺣﺑﺻ١ﺎ row 152: exception
- ﻊﻟﺛﺣﺑﺻ١ﺎ row 153: exception
- ﻊﻟﺛﺣﺑﺻ١ﺎ row 154: exception
- ﻊﻟﺛﺣﺑﺻ١ﺎ row 155: exception
- ﻊﻟﺛﺣﺑﺻ١ﺎ row 156: exception
- ﻊﻟﺛﺣﺑﺻ١ﺎ row 157: exception
- ﻊﻟﺛﺣﺑﺻ١ﺎ row 158: exception
- ﻊﻟﺛﺣﺑﺻ١ﺎ row 159: exception
- ﻊﻟﺛﺣﺑﺻ١ﺎ row 160: exception
- ﻊﻟﺛﺣﺑﺻ١ﺎ row 161: exception
- ﻊﻟﺛﺣﺑﺻ١ﺎ row 162: exception
- ﻊﻟﺛﺣﺑﺻ١ﺎ row 163: exception
- ﻊﻟﺛﺣﺑﺻ١ﺎ row 164: exception
- ﻊﻟﺛﺣﺑﺻ١ﺎ row 165: exception
- ﻊﻟﺛﺣﺑﺻ١ﺎ row 166: exception
- ﻊﻟﺛﺣﺑﺻ١ﺎ row 167: exception
- ﻊﻟﺛﺣﺑﺻ١ﺎ row 168: exception
- ﻊﻟﺛﺣﺑﺻ١ﺎ row 169: exception
- ﻊﻟﺛﺣﺑﺻ١ﺎ row 170: exception
- ﻊﻟﺛﺣﺑﺻ١ﺎ row 171: exception
- ﻊﻟﺛﺣﺑﺻ١ﺎ row 172: exception
- ﻊﻟﺛﺣﺑﺻ١ﺎ row 173: exception
- ﻊﻟﺛﺣﺑﺻ١ﺎ row 174: exception
- ﻊﻟﺛﺣﺑﺻ١ﺎ row 175: exception
- ﻊﻟﺛﺣﺑﺻ١ﺎ row 176: exception
- ﻊﻟﺛﺣﺑﺻ١ﺎ row 177: exception
- ﻊﻟﺛﺣﺑﺻ١ﺎ row 178: exception
- ﻊﻟﺛﺣﺑﺻ١ﺎ row 179: exception
- ﻊﻟﺛﺣﺑﺻ١ﺎ row 180: exception
- ﻊﻟﺛﺣﺑﺻ١ﺎ row 181: exception
- ﻊﻟﺛﺣﺑﺻ١ﺎ row 182: exception
- ﻊﻟﺛﺣﺑﺻ١ﺎ row 183: exception
- ﻊﻟﺛﺣﺑﺻ١ﺎ row 184: exception
- ﻊﻟﺛﺣﺑﺻ١ﺎ row 185: exception
- ﻊﻟﺛﺣﺑﺻ١ﺎ row 186: exception
- ﻊﻟﺛﺣﺑﺻ١ﺎ row 187: exception
- ﻊﻟﺛﺣﺑﺻ١ﺎ row 188: exception
- ﻊﻟﺛﺣﺑﺻ١ﺎ row 189: exception
- ﻊﻟﺛﺣﺑﺻ١ﺎ row 190: exception
- ﻊﻟﺛﺣﺑﺻ١ﺎ row 191: exception
- ﻊﻟﺛﺣﺑﺻ١ﺎ row 192: exception
- ﻊﻟﺛﺣﺑﺻ١ﺎ row 193: exception
- ﻊﻟﺛﺣﺑﺻ١ﺎ row 194: exception
- ﻊﻟﺛﺣﺑﺻ١ﺎ row 195: exception
- ﻊﻟﺛﺣﺑﺻ١ﺎ row 196: exception
- ﻊﻟﺛﺣﺑﺻ١ﺎ row 197: exception
- ﻊﻟﺛﺣﺑﺻ١ﺎ row 198: exception
- ﻊﻟﺛﺣﺑﺻ١ﺎ row 199: exception
- ﻊﻟﺛﺣﺑﺻ١ﺎ row 200: exception
- ﻊﻟﺛﺣﺑﺻ١ﺎ row 201: exception
