import_batch_id=1775632228197
excel_file=토箇휑괩-20260308-0408.XLSX
sheet_count=33
read_rows=18684
inserted_rows=0
skipped_rows=0
failed_rows=18684
failures:
- 토箇휑괩 row 2: (1146, "Table 'whale_scheduler.human_dispatch_routes' doesn't exist")
- 토箇휑괩 row 3: (1146, "Table 'whale_scheduler.human_dispatch_routes' doesn't exist")
- 토箇휑괩 row 4: (1146, "Table 'whale_scheduler.human_dispatch_routes' doesn't exist")
- 토箇휑괩 row 5: (1146, "Table 'whale_scheduler.human_dispatch_routes' doesn't exist")
- 토箇휑괩 row 6: (1146, "Table 'whale_scheduler.human_dispatch_routes' doesn't exist")
- 토箇휑괩 row 7: (1146, "Table 'whale_scheduler.human_dispatch_routes' doesn't exist")
- 토箇휑괩 row 8: (1146, "Table 'whale_scheduler.human_dispatch_routes' doesn't exist")
- 토箇휑괩 row 9: (1146, "Table 'whale_scheduler.human_dispatch_routes' doesn't exist")
- 토箇휑괩 row 10: (1146, "Table 'whale_scheduler.human_dispatch_routes' doesn't exist")
- 토箇휑괩 row 11: (1146, "Table 'whale_scheduler.human_dispatch_routes' doesn't exist")
- 토箇휑괩 row 12: (1146, "Table 'whale_scheduler.human_dispatch_routes' doesn't exist")
- 토箇휑괩 row 13: (1146, "Table 'whale_scheduler.human_dispatch_routes' doesn't exist")
- 토箇휑괩 row 14: (1146, "Table 'whale_scheduler.human_dispatch_routes' doesn't exist")
- 토箇휑괩 row 15: (1146, "Table 'whale_scheduler.human_dispatch_routes' doesn't exist")
- 토箇휑괩 row 16: (1146, "Table 'whale_scheduler.human_dispatch_routes' doesn't exist")
- 토箇휑괩 row 17: (1146, "Table 'whale_scheduler.human_dispatch_routes' doesn't exist")
- 토箇휑괩 row 18: (1146, "Table 'whale_scheduler.human_dispatch_routes' doesn't exist")
- 토箇휑괩 row 19: (1146, "Table 'whale_scheduler.human_dispatch_routes' doesn't exist")
- 토箇휑괩 row 20: (1146, "Table 'whale_scheduler.human_dispatch_routes' doesn't exist")
- 토箇휑괩 row 21: (1146, "Table 'whale_scheduler.human_dispatch_routes' doesn't exist")
- 토箇휑괩 row 22: (1146, "Table 'whale_scheduler.human_dispatch_routes' doesn't exist")
- 토箇휑괩 row 23: (1146, "Table 'whale_scheduler.human_dispatch_routes' doesn't exist")
- 토箇휑괩 row 24: (1146, "Table 'whale_scheduler.human_dispatch_routes' doesn't exist")
- 토箇휑괩 row 25: (1146, "Table 'whale_scheduler.human_dispatch_routes' doesn't exist")
- 토箇휑괩 row 26: (1146, "Table 'whale_scheduler.human_dispatch_routes' doesn't exist")
- 토箇휑괩 row 27: (1146, "Table 'whale_scheduler.human_dispatch_routes' doesn't exist")
- 토箇휑괩 row 28: (1146, "Table 'whale_scheduler.human_dispatch_routes' doesn't exist")
- 토箇휑괩 row 29: (1146, "Table 'whale_scheduler.human_dispatch_routes' doesn't exist")
- 토箇휑괩 row 30: (1146, "Table 'whale_scheduler.human_dispatch_routes' doesn't exist")
- 토箇휑괩 row 31: (1146, "Table 'whale_scheduler.human_dispatch_routes' doesn't exist")
- 토箇휑괩 row 32: (1146, "Table 'whale_scheduler.human_dispatch_routes' doesn't exist")
- 토箇휑괩 row 33: (1146, "Table 'whale_scheduler.human_dispatch_routes' doesn't exist")
- 토箇휑괩 row 34: (1146, "Table 'whale_scheduler.human_dispatch_routes' doesn't exist")
- 토箇휑괩 row 35: (1146, "Table 'whale_scheduler.human_dispatch_routes' doesn't exist")
- 토箇휑괩 row 36: (1146, "Table 'whale_scheduler.human_dispatch_routes' doesn't exist")
- 토箇휑괩 row 37: (1146, "Table 'whale_scheduler.human_dispatch_routes' doesn't exist")
- 토箇휑괩 row 38: (1146, "Table 'whale_scheduler.human_dispatch_routes' doesn't exist")
- 토箇휑괩 row 39: (1146, "Table 'whale_scheduler.human_dispatch_routes' doesn't exist")
- 토箇휑괩 row 40: (1146, "Table 'whale_scheduler.human_dispatch_routes' doesn't exist")
- 토箇휑괩 row 41: (1146, "Table 'whale_scheduler.human_dispatch_routes' doesn't exist")
- 토箇휑괩 row 42: (1146, "Table 'whale_scheduler.human_dispatch_routes' doesn't exist")
- 토箇휑괩 row 43: (1146, "Table 'whale_scheduler.human_dispatch_routes' doesn't exist")
- 토箇휑괩 row 44: (1146, "Table 'whale_scheduler.human_dispatch_routes' doesn't exist")
- 토箇휑괩 row 45: (1146, "Table 'whale_scheduler.human_dispatch_routes' doesn't exist")
- 토箇휑괩 row 46: (1146, "Table 'whale_scheduler.human_dispatch_routes' doesn't exist")
- 토箇휑괩 row 47: (1146, "Table 'whale_scheduler.human_dispatch_routes' doesn't exist")
- 토箇휑괩 row 48: (1146, "Table 'whale_scheduler.human_dispatch_routes' doesn't exist")
- 토箇휑괩 row 49: (1146, "Table 'whale_scheduler.human_dispatch_routes' doesn't exist")
- 토箇휑괩 row 50: (1146, "Table 'whale_scheduler.human_dispatch_routes' doesn't exist")
- 토箇휑괩 row 51: (1146, "Table 'whale_scheduler.human_dispatch_routes' doesn't exist")
- 토箇휑괩 row 52: (1146, "Table 'whale_scheduler.human_dispatch_routes' doesn't exist")
- 토箇휑괩 row 53: (1146, "Table 'whale_scheduler.human_dispatch_routes' doesn't exist")
- 토箇휑괩 row 54: (1146, "Table 'whale_scheduler.human_dispatch_routes' doesn't exist")
- 토箇휑괩 row 55: (1146, "Table 'whale_scheduler.human_dispatch_routes' doesn't exist")
- 토箇휑괩 row 56: (1146, "Table 'whale_scheduler.human_dispatch_routes' doesn't exist")
- 토箇휑괩 row 57: (1146, "Table 'whale_scheduler.human_dispatch_routes' doesn't exist")
- 토箇휑괩 row 58: (1146, "Table 'whale_scheduler.human_dispatch_routes' doesn't exist")
- 토箇휑괩 row 59: (1146, "Table 'whale_scheduler.human_dispatch_routes' doesn't exist")
- 토箇휑괩 row 60: (1146, "Table 'whale_scheduler.human_dispatch_routes' doesn't exist")
- 토箇휑괩 row 61: (1146, "Table 'whale_scheduler.human_dispatch_routes' doesn't exist")
- 토箇휑괩 row 62: (1146, "Table 'whale_scheduler.human_dispatch_routes' doesn't exist")
- 토箇휑괩 row 63: (1146, "Table 'whale_scheduler.human_dispatch_routes' doesn't exist")
- 토箇휑괩 row 64: (1146, "Table 'whale_scheduler.human_dispatch_routes' doesn't exist")
- 토箇휑괩 row 65: (1146, "Table 'whale_scheduler.human_dispatch_routes' doesn't exist")
- 토箇휑괩 row 66: (1146, "Table 'whale_scheduler.human_dispatch_routes' doesn't exist")
- 토箇휑괩 row 67: (1146, "Table 'whale_scheduler.human_dispatch_routes' doesn't exist")
- 토箇휑괩 row 68: (1146, "Table 'whale_scheduler.human_dispatch_routes' doesn't exist")
- 토箇휑괩 row 69: (1146, "Table 'whale_scheduler.human_dispatch_routes' doesn't exist")
- 토箇휑괩 row 70: (1146, "Table 'whale_scheduler.human_dispatch_routes' doesn't exist")
- 토箇휑괩 row 71: (1146, "Table 'whale_scheduler.human_dispatch_routes' doesn't exist")
- 토箇휑괩 row 72: (1146, "Table 'whale_scheduler.human_dispatch_routes' doesn't exist")
- 토箇휑괩 row 73: (1146, "Table 'whale_scheduler.human_dispatch_routes' doesn't exist")
- 토箇휑괩 row 74: (1146, "Table 'whale_scheduler.human_dispatch_routes' doesn't exist")
- 토箇휑괩 row 75: (1146, "Table 'whale_scheduler.human_dispatch_routes' doesn't exist")
- 토箇휑괩 row 76: (1146, "Table 'whale_scheduler.human_dispatch_routes' doesn't exist")
- 토箇휑괩 row 77: (1146, "Table 'whale_scheduler.human_dispatch_routes' doesn't exist")
- 토箇휑괩 row 78: (1146, "Table 'whale_scheduler.human_dispatch_routes' doesn't exist")
- 토箇휑괩 row 79: (1146, "Table 'whale_scheduler.human_dispatch_routes' doesn't exist")
- 토箇휑괩 row 80: (1146, "Table 'whale_scheduler.human_dispatch_routes' doesn't exist")
- 토箇휑괩 row 81: (1146, "Table 'whale_scheduler.human_dispatch_routes' doesn't exist")
- 토箇휑괩 row 82: (1146, "Table 'whale_scheduler.human_dispatch_routes' doesn't exist")
- 토箇휑괩 row 83: (1146, "Table 'whale_scheduler.human_dispatch_routes' doesn't exist")
- 토箇휑괩 row 84: (1146, "Table 'whale_scheduler.human_dispatch_routes' doesn't exist")
- 토箇휑괩 row 85: (1146, "Table 'whale_scheduler.human_dispatch_routes' doesn't exist")
- 토箇휑괩 row 86: (1146, "Table 'whale_scheduler.human_dispatch_routes' doesn't exist")
- 토箇휑괩 row 87: (1146, "Table 'whale_scheduler.human_dispatch_routes' doesn't exist")
- 토箇휑괩 row 88: (1146, "Table 'whale_scheduler.human_dispatch_routes' doesn't exist")
- 토箇휑괩 row 89: (1146, "Table 'whale_scheduler.human_dispatch_routes' doesn't exist")
- 토箇휑괩 row 90: (1146, "Table 'whale_scheduler.human_dispatch_routes' doesn't exist")
- 토箇휑괩 row 91: (1146, "Table 'whale_scheduler.human_dispatch_routes' doesn't exist")
- 토箇휑괩 row 92: (1146, "Table 'whale_scheduler.human_dispatch_routes' doesn't exist")
- 토箇휑괩 row 93: (1146, "Table 'whale_scheduler.human_dispatch_routes' doesn't exist")
- 토箇휑괩 row 94: (1146, "Table 'whale_scheduler.human_dispatch_routes' doesn't exist")
- 토箇휑괩 row 95: (1146, "Table 'whale_scheduler.human_dispatch_routes' doesn't exist")
- 토箇휑괩 row 96: (1146, "Table 'whale_scheduler.human_dispatch_routes' doesn't exist")
- 토箇휑괩 row 97: (1146, "Table 'whale_scheduler.human_dispatch_routes' doesn't exist")
- 토箇휑괩 row 98: (1146, "Table 'whale_scheduler.human_dispatch_routes' doesn't exist")
- 토箇휑괩 row 99: (1146, "Table 'whale_scheduler.human_dispatch_routes' doesn't exist")
- 토箇휑괩 row 100: (1146, "Table 'whale_scheduler.human_dispatch_routes' doesn't exist")
- 토箇휑괩 row 101: (1146, "Table 'whale_scheduler.human_dispatch_routes' doesn't exist")
- 토箇휑괩 row 102: (1146, "Table 'whale_scheduler.human_dispatch_routes' doesn't exist")
- 토箇휑괩 row 103: (1146, "Table 'whale_scheduler.human_dispatch_routes' doesn't exist")
- 토箇휑괩 row 104: (1146, "Table 'whale_scheduler.human_dispatch_routes' doesn't exist")
- 토箇휑괩 row 105: (1146, "Table 'whale_scheduler.human_dispatch_routes' doesn't exist")
- 토箇휑괩 row 106: (1146, "Table 'whale_scheduler.human_dispatch_routes' doesn't exist")
- 토箇휑괩 row 107: (1146, "Table 'whale_scheduler.human_dispatch_routes' doesn't exist")
- 토箇휑괩 row 108: (1146, "Table 'whale_scheduler.human_dispatch_routes' doesn't exist")
- 토箇휑괩 row 109: (1146, "Table 'whale_scheduler.human_dispatch_routes' doesn't exist")
- 토箇휑괩 row 110: (1146, "Table 'whale_scheduler.human_dispatch_routes' doesn't exist")
- 토箇휑괩 row 111: (1146, "Table 'whale_scheduler.human_dispatch_routes' doesn't exist")
- 토箇휑괩 row 112: (1146, "Table 'whale_scheduler.human_dispatch_routes' doesn't exist")
- 토箇휑괩 row 113: (1146, "Table 'whale_scheduler.human_dispatch_routes' doesn't exist")
- 토箇휑괩 row 114: (1146, "Table 'whale_scheduler.human_dispatch_routes' doesn't exist")
- 토箇휑괩 row 115: (1146, "Table 'whale_scheduler.human_dispatch_routes' doesn't exist")
- 토箇휑괩 row 116: (1146, "Table 'whale_scheduler.human_dispatch_routes' doesn't exist")
- 토箇휑괩 row 117: (1146, "Table 'whale_scheduler.human_dispatch_routes' doesn't exist")
- 토箇휑괩 row 118: (1146, "Table 'whale_scheduler.human_dispatch_routes' doesn't exist")
- 토箇휑괩 row 119: (1146, "Table 'whale_scheduler.human_dispatch_routes' doesn't exist")
- 토箇휑괩 row 120: (1146, "Table 'whale_scheduler.human_dispatch_routes' doesn't exist")
- 토箇휑괩 row 121: (1146, "Table 'whale_scheduler.human_dispatch_routes' doesn't exist")
- 토箇휑괩 row 122: (1146, "Table 'whale_scheduler.human_dispatch_routes' doesn't exist")
- 토箇휑괩 row 123: (1146, "Table 'whale_scheduler.human_dispatch_routes' doesn't exist")
- 토箇휑괩 row 124: (1146, "Table 'whale_scheduler.human_dispatch_routes' doesn't exist")
- 토箇휑괩 row 125: (1146, "Table 'whale_scheduler.human_dispatch_routes' doesn't exist")
- 토箇휑괩 row 126: (1146, "Table 'whale_scheduler.human_dispatch_routes' doesn't exist")
- 토箇휑괩 row 127: (1146, "Table 'whale_scheduler.human_dispatch_routes' doesn't exist")
- 토箇휑괩 row 128: (1146, "Table 'whale_scheduler.human_dispatch_routes' doesn't exist")
- 토箇휑괩 row 129: (1146, "Table 'whale_scheduler.human_dispatch_routes' doesn't exist")
- 토箇휑괩 row 130: (1146, "Table 'whale_scheduler.human_dispatch_routes' doesn't exist")
- 토箇휑괩 row 131: (1146, "Table 'whale_scheduler.human_dispatch_routes' doesn't exist")
- 토箇휑괩 row 132: (1146, "Table 'whale_scheduler.human_dispatch_routes' doesn't exist")
- 토箇휑괩 row 133: (1146, "Table 'whale_scheduler.human_dispatch_routes' doesn't exist")
- 토箇휑괩 row 134: (1146, "Table 'whale_scheduler.human_dispatch_routes' doesn't exist")
- 토箇휑괩 row 135: (1146, "Table 'whale_scheduler.human_dispatch_routes' doesn't exist")
- 토箇휑괩 row 136: (1146, "Table 'whale_scheduler.human_dispatch_routes' doesn't exist")
- 토箇휑괩 row 137: (1146, "Table 'whale_scheduler.human_dispatch_routes' doesn't exist")
- 토箇휑괩 row 138: (1146, "Table 'whale_scheduler.human_dispatch_routes' doesn't exist")
- 토箇휑괩 row 139: (1146, "Table 'whale_scheduler.human_dispatch_routes' doesn't exist")
- 토箇휑괩 row 140: (1146, "Table 'whale_scheduler.human_dispatch_routes' doesn't exist")
- 토箇휑괩 row 141: (1146, "Table 'whale_scheduler.human_dispatch_routes' doesn't exist")
- 토箇휑괩 row 142: (1146, "Table 'whale_scheduler.human_dispatch_routes' doesn't exist")
- 토箇휑괩 row 143: (1146, "Table 'whale_scheduler.human_dispatch_routes' doesn't exist")
- 토箇휑괩 row 144: (1146, "Table 'whale_scheduler.human_dispatch_routes' doesn't exist")
- 토箇휑괩 row 145: (1146, "Table 'whale_scheduler.human_dispatch_routes' doesn't exist")
- 토箇휑괩 row 146: (1146, "Table 'whale_scheduler.human_dispatch_routes' doesn't exist")
- 토箇휑괩 row 147: (1146, "Table 'whale_scheduler.human_dispatch_routes' doesn't exist")
- 토箇휑괩 row 148: (1146, "Table 'whale_scheduler.human_dispatch_routes' doesn't exist")
- 토箇휑괩 row 149: (1146, "Table 'whale_scheduler.human_dispatch_routes' doesn't exist")
- 토箇휑괩 row 150: (1146, "Table 'whale_scheduler.human_dispatch_routes' doesn't exist")
- 토箇휑괩 row 151: (1146, "Table 'whale_scheduler.human_dispatch_routes' doesn't exist")
- 토箇휑괩 row 152: (1146, "Table 'whale_scheduler.human_dispatch_routes' doesn't exist")
- 토箇휑괩 row 153: (1146, "Table 'whale_scheduler.human_dispatch_routes' doesn't exist")
- 토箇휑괩 row 154: (1146, "Table 'whale_scheduler.human_dispatch_routes' doesn't exist")
- 토箇휑괩 row 155: (1146, "Table 'whale_scheduler.human_dispatch_routes' doesn't exist")
- 토箇휑괩 row 156: (1146, "Table 'whale_scheduler.human_dispatch_routes' doesn't exist")
- 토箇휑괩 row 157: (1146, "Table 'whale_scheduler.human_dispatch_routes' doesn't exist")
- 토箇휑괩 row 158: (1146, "Table 'whale_scheduler.human_dispatch_routes' doesn't exist")
- 토箇휑괩 row 159: (1146, "Table 'whale_scheduler.human_dispatch_routes' doesn't exist")
- 토箇휑괩 row 160: (1146, "Table 'whale_scheduler.human_dispatch_routes' doesn't exist")
- 토箇휑괩 row 161: (1146, "Table 'whale_scheduler.human_dispatch_routes' doesn't exist")
- 토箇휑괩 row 162: (1146, "Table 'whale_scheduler.human_dispatch_routes' doesn't exist")
- 토箇휑괩 row 163: (1146, "Table 'whale_scheduler.human_dispatch_routes' doesn't exist")
- 토箇휑괩 row 164: (1146, "Table 'whale_scheduler.human_dispatch_routes' doesn't exist")
- 토箇휑괩 row 165: (1146, "Table 'whale_scheduler.human_dispatch_routes' doesn't exist")
- 토箇휑괩 row 166: (1146, "Table 'whale_scheduler.human_dispatch_routes' doesn't exist")
- 토箇휑괩 row 167: (1146, "Table 'whale_scheduler.human_dispatch_routes' doesn't exist")
- 토箇휑괩 row 168: (1146, "Table 'whale_scheduler.human_dispatch_routes' doesn't exist")
- 토箇휑괩 row 169: (1146, "Table 'whale_scheduler.human_dispatch_routes' doesn't exist")
- 토箇휑괩 row 170: (1146, "Table 'whale_scheduler.human_dispatch_routes' doesn't exist")
- 토箇휑괩 row 171: (1146, "Table 'whale_scheduler.human_dispatch_routes' doesn't exist")
- 토箇휑괩 row 172: (1146, "Table 'whale_scheduler.human_dispatch_routes' doesn't exist")
- 토箇휑괩 row 173: (1146, "Table 'whale_scheduler.human_dispatch_routes' doesn't exist")
- 토箇휑괩 row 174: (1146, "Table 'whale_scheduler.human_dispatch_routes' doesn't exist")
- 토箇휑괩 row 175: (1146, "Table 'whale_scheduler.human_dispatch_routes' doesn't exist")
- 토箇휑괩 row 176: (1146, "Table 'whale_scheduler.human_dispatch_routes' doesn't exist")
- 토箇휑괩 row 177: (1146, "Table 'whale_scheduler.human_dispatch_routes' doesn't exist")
- 토箇휑괩 row 178: (1146, "Table 'whale_scheduler.human_dispatch_routes' doesn't exist")
- 토箇휑괩 row 179: (1146, "Table 'whale_scheduler.human_dispatch_routes' doesn't exist")
- 토箇휑괩 row 180: (1146, "Table 'whale_scheduler.human_dispatch_routes' doesn't exist")
- 토箇휑괩 row 181: (1146, "Table 'whale_scheduler.human_dispatch_routes' doesn't exist")
- 토箇휑괩 row 182: (1146, "Table 'whale_scheduler.human_dispatch_routes' doesn't exist")
- 토箇휑괩 row 183: (1146, "Table 'whale_scheduler.human_dispatch_routes' doesn't exist")
- 토箇휑괩 row 184: (1146, "Table 'whale_scheduler.human_dispatch_routes' doesn't exist")
- 토箇휑괩 row 185: (1146, "Table 'whale_scheduler.human_dispatch_routes' doesn't exist")
- 토箇휑괩 row 186: (1146, "Table 'whale_scheduler.human_dispatch_routes' doesn't exist")
- 토箇휑괩 row 187: (1146, "Table 'whale_scheduler.human_dispatch_routes' doesn't exist")
- 토箇휑괩 row 188: (1146, "Table 'whale_scheduler.human_dispatch_routes' doesn't exist")
- 토箇휑괩 row 189: (1146, "Table 'whale_scheduler.human_dispatch_routes' doesn't exist")
- 토箇휑괩 row 190: (1146, "Table 'whale_scheduler.human_dispatch_routes' doesn't exist")
- 토箇휑괩 row 191: (1146, "Table 'whale_scheduler.human_dispatch_routes' doesn't exist")
- 토箇휑괩 row 192: (1146, "Table 'whale_scheduler.human_dispatch_routes' doesn't exist")
- 토箇휑괩 row 193: (1146, "Table 'whale_scheduler.human_dispatch_routes' doesn't exist")
- 토箇휑괩 row 194: (1146, "Table 'whale_scheduler.human_dispatch_routes' doesn't exist")
- 토箇휑괩 row 195: (1146, "Table 'whale_scheduler.human_dispatch_routes' doesn't exist")
- 토箇휑괩 row 196: (1146, "Table 'whale_scheduler.human_dispatch_routes' doesn't exist")
- 토箇휑괩 row 197: (1146, "Table 'whale_scheduler.human_dispatch_routes' doesn't exist")
- 토箇휑괩 row 198: (1146, "Table 'whale_scheduler.human_dispatch_routes' doesn't exist")
- 토箇휑괩 row 199: (1146, "Table 'whale_scheduler.human_dispatch_routes' doesn't exist")
- 토箇휑괩 row 200: (1146, "Table 'whale_scheduler.human_dispatch_routes' doesn't exist")
- 토箇휑괩 row 201: (1146, "Table 'whale_scheduler.human_dispatch_routes' doesn't exist")
