import_batch_id=1775633639238
sheet_name=配送日报
read_rows=9342
inserted_rows=0
skipped_rows=9137
failed_rows=205
failures:
- 配送日报 row 338: missing required field
- 配送日报 row 339: missing required field
- 配送日报 row 340: missing required field
- 配送日报 row 358: missing required field
- 配送日报 row 359: missing required field
- 配送日报 row 360: missing required field
- 配送日报 row 361: missing required field
- 配送日报 row 362: missing required field
- 配送日报 row 363: missing required field
- 配送日报 row 364: missing required field
- 配送日报 row 365: missing required field
- 配送日报 row 366: missing required field
- 配送日报 row 367: missing required field
- 配送日报 row 536: missing required field
- 配送日报 row 537: missing required field
- 配送日报 row 538: missing required field
- 配送日报 row 696: missing required field
- 配送日报 row 697: missing required field
- 配送日报 row 698: missing required field
- 配送日报 row 699: missing required field
- 配送日报 row 700: missing required field
- 配送日报 row 701: missing required field
- 配送日报 row 702: missing required field
- 配送日报 row 703: missing required field
- 配送日报 row 704: missing required field
- 配送日报 row 705: missing required field
- 配送日报 row 1029: missing required field
- 配送日报 row 1030: missing required field
- 配送日报 row 1031: missing required field
- 配送日报 row 1032: missing required field
- 配送日报 row 1033: missing required field
- 配送日报 row 1034: missing required field
- 配送日报 row 1035: missing required field
- 配送日报 row 1036: missing required field
- 配送日报 row 1037: missing required field
- 配送日报 row 1038: missing required field
- 配送日报 row 1362: missing required field
- 配送日报 row 1363: missing required field
- 配送日报 row 1364: missing required field
- 配送日报 row 1365: missing required field
- 配送日报 row 1366: missing required field
- 配送日报 row 1367: missing required field
- 配送日报 row 1368: missing required field
- 配送日报 row 1369: missing required field
- 配送日报 row 1370: missing required field
- 配送日报 row 1371: missing required field
- 配送日报 row 1695: missing required field
- 配送日报 row 1696: missing required field
- 配送日报 row 1697: missing required field
- 配送日报 row 1698: missing required field
- 配送日报 row 1699: missing required field
- 配送日报 row 1700: missing required field
- 配送日报 row 1701: missing required field
- 配送日报 row 1702: missing required field
- 配送日报 row 1703: missing required field
- 配送日报 row 1704: missing required field
- 配送日报 row 1871: missing required field
- 配送日报 row 1872: missing required field
- 配送日报 row 1873: missing required field
- 配送日报 row 2018: missing required field
- 配送日报 row 2019: missing required field
- 配送日报 row 2020: missing required field
- 配送日报 row 2021: missing required field
- 配送日报 row 2022: missing required field
- 配送日报 row 2023: missing required field
- 配送日报 row 2024: missing required field
- 配送日报 row 2025: missing required field
- 配送日报 row 2026: missing required field
- 配送日报 row 2027: missing required field
- 配送日报 row 2168: missing required field
- 配送日报 row 2169: missing required field
- 配送日报 row 2170: missing required field
- 配送日报 row 2503: missing required field
- 配送日报 row 2504: missing required field
- 配送日报 row 2505: missing required field
- 配送日报 row 2523: missing required field
- 配送日报 row 2524: missing required field
- 配送日报 row 2525: missing required field
- 配送日报 row 2526: missing required field
- 配送日报 row 2527: missing required field
- 配送日报 row 2528: missing required field
- 配送日报 row 2529: missing required field
- 配送日报 row 2530: missing required field
- 配送日报 row 2531: missing required field
- 配送日报 row 2532: missing required field
- 配送日报 row 2697: missing required field
- 配送日报 row 2698: missing required field
- 配送日报 row 2699: missing required field
- 配送日报 row 2855: missing required field
- 配送日报 row 2856: missing required field
- 配送日报 row 2857: missing required field
- 配送日报 row 2858: missing required field
- 配送日报 row 2859: missing required field
- 配送日报 row 2860: missing required field
- 配送日报 row 2861: missing required field
- 配送日报 row 2862: missing required field
- 配送日报 row 2863: missing required field
- 配送日报 row 2864: missing required field
- 配送日报 row 3025: missing required field
- 配送日报 row 3030: missing required field
- 配送日报 row 3031: missing required field
- 配送日报 row 3032: missing required field
- 配送日报 row 3188: missing required field
- 配送日报 row 3189: missing required field
- 配送日报 row 3190: missing required field
- 配送日报 row 3191: missing required field
- 配送日报 row 3192: missing required field
- 配送日报 row 3193: missing required field
- 配送日报 row 3194: missing required field
- 配送日报 row 3195: missing required field
- 配送日报 row 3196: missing required field
- 配送日报 row 3197: missing required field
- 配送日报 row 3358: missing required field
- 配送日报 row 3362: missing required field
- 配送日报 row 3363: missing required field
- 配送日报 row 3364: missing required field
- 配送日报 row 3520: missing required field
- 配送日报 row 3521: missing required field
- 配送日报 row 3522: missing required field
- 配送日报 row 3523: missing required field
- 配送日报 row 3524: missing required field
- 配送日报 row 3525: missing required field
- 配送日报 row 3526: missing required field
- 配送日报 row 3527: missing required field
- 配送日报 row 3528: missing required field
- 配送日报 row 3529: missing required field
- 配送日报 row 3690: missing required field
- 配送日报 row 3849: missing required field
- 配送日报 row 3850: missing required field
- 配送日报 row 3851: missing required field
- 配送日报 row 3852: missing required field
- 配送日报 row 3853: missing required field
- 配送日报 row 3854: missing required field
- 配送日报 row 3855: missing required field
- 配送日报 row 3856: missing required field
- 配送日报 row 3857: missing required field
- 配送日报 row 3858: missing required field
- 配送日报 row 4019: missing required field
- 配送日报 row 4023: missing required field
- 配送日报 row 4165: missing required field
- 配送日报 row 4166: missing required field
- 配送日报 row 4167: missing required field
- 配送日报 row 4168: missing required field
- 配送日报 row 4169: missing required field
- 配送日报 row 4170: missing required field
- 配送日报 row 4171: missing required field
- 配送日报 row 4172: missing required field
- 配送日报 row 4173: missing required field
- 配送日报 row 4174: missing required field
- 配送日报 row 4306: missing required field
- 配送日报 row 4310: missing required field
- 配送日报 row 4311: missing required field
- 配送日报 row 4312: missing required field
- 配送日报 row 4499: missing required field
- 配送日报 row 4815: missing required field
- 配送日报 row 4820: missing required field
- 配送日报 row 4821: missing required field
- 配送日报 row 4822: missing required field
- 配送日报 row 5135: missing required field
- 配送日报 row 5139: missing required field
- 配送日报 row 5140: missing required field
- 配送日报 row 5141: missing required field
- 配送日报 row 6090: missing required field
- 配送日报 row 6091: missing required field
- 配送日报 row 6092: missing required field
- 配送日报 row 6363: missing required field
- 配送日报 row 6364: missing required field
- 配送日报 row 6365: missing required field
- 配送日报 row 6863: missing required field
- 配送日报 row 6864: missing required field
- 配送日报 row 6865: missing required field
- 配送日报 row 7000: missing required field
- 配送日报 row 7001: missing required field
- 配送日报 row 7002: missing required field
- 配送日报 row 7178: missing required field
- 配送日报 row 7179: missing required field
- 配送日报 row 7180: missing required field
- 配送日报 row 7475: missing required field
- 配送日报 row 7476: missing required field
- 配送日报 row 7477: missing required field
- 配送日报 row 7898: missing required field
- 配送日报 row 7899: missing required field
- 配送日报 row 8068: missing required field
- 配送日报 row 8069: missing required field
- 配送日报 row 8070: missing required field
- 配送日报 row 8183: missing required field
- 配送日报 row 8184: missing required field
- 配送日报 row 8185: missing required field
- 配送日报 row 8317: missing required field
- 配送日报 row 8321: missing required field
- 配送日报 row 8322: missing required field
- 配送日报 row 8323: missing required field
- 配送日报 row 8602: missing required field
- 配送日报 row 8603: missing required field
- 配送日报 row 8604: missing required field
- 配送日报 row 8731: missing required field
- 配送日报 row 8732: missing required field
- 配送日报 row 8733: missing required field
- 配送日报 row 8735: missing required field
- 配送日报 row 8739: missing required field
